2024-09-21T20:57:39.638Z - Fetching license information for test-owner/test-repo
2024-09-21T20:57:39.662Z - License found for test-owner/test-repo: MIT
2024-09-21T20:57:39.662Z - License compatibility score for test-owner/test-repo: 1
2024-09-21T20:57:39.665Z - Fetching license information for test-owner/test-repo
2024-09-21T20:57:39.669Z - License found for test-owner/test-repo: GPL-3.0
2024-09-21T20:57:39.669Z - License compatibility score for test-owner/test-repo: 0
2024-09-21T20:57:39.669Z - Fetching license information for test-owner/test-repo
2024-09-21T20:57:39.710Z - Calculating ramp-up metric for GitHub repository owner/repo
2024-09-21T20:57:39.713Z - Downloading file from URL: https://api.github.com/repos/owner/repo/contents/README.md
2024-09-21T20:57:39.728Z - Downloaded file successfully from https://api.github.com/repos/owner/repo/contents/README.md
2024-09-21T20:57:39.728Z - README file size: 60 KB
2024-09-21T20:57:39.728Z - Large README implies good documentation. Score: 10
2024-09-21T20:57:39.728Z - Ramp-up metric calculation completed for owner/repo. Score: 1, Latency: 17.78991700000006
2024-09-21T20:57:39.729Z - Calculating ramp-up metric for GitHub repository owner/repo
2024-09-21T20:57:39.730Z - Downloading file from URL: https://api.github.com/repos/owner/repo/contents/README.md
2024-09-21T20:57:39.735Z - Downloaded file successfully from https://api.github.com/repos/owner/repo/contents/README.md
2024-09-21T20:57:39.735Z - README file size: 0.01953125 KB
2024-09-21T20:57:39.735Z - Small README. Score: 3
2024-09-21T20:57:39.735Z - Ramp-up metric calculation completed for owner/repo. Score: 0.3, Latency: 5.9441249999999854
2024-09-21T20:57:39.737Z - Calculating ramp-up metric for GitHub repository owner/repo
2024-09-21T20:57:39.737Z - Downloading file from URL: https://api.github.com/repos/owner/repo/contents/README.md
2024-09-21T20:57:39.751Z - Error calculating license metric for test-owner/test-repo: Request failed with status code 404
2024-09-21T20:57:39.752Z - Fetching npm package metadata for test-package
2024-09-21T20:57:39.761Z - Found GitHub repository URL for test-package
2024-09-21T20:57:39.761Z - Fetching license information for test-owner/test-repo
2024-09-21T20:57:39.773Z - License found for test-owner/test-repo: Apache-2.0
2024-09-21T20:57:39.775Z - License compatibility score for test-owner/test-repo: 1
2024-09-21T20:57:39.775Z - License score for npm package test-package: 1
2024-09-21T20:57:39.776Z - Fetching npm package metadata for test-package
2024-09-21T20:57:39.779Z - Fetching GitHub issues for test-owner/test-repo
2024-09-21T20:57:39.783Z - No GitHub repository found for test-package, assuming no license
2024-09-21T20:57:39.783Z - Fetching npm package metadata for test-package
2024-09-21T20:57:39.786Z - Found GitHub repository URL for test-package
2024-09-21T20:57:39.787Z - Fetching license information for test-owner/test-repo
2024-09-21T20:57:39.789Z - License found for test-owner/test-repo: GPL-3.0
2024-09-21T20:57:39.790Z - License compatibility score for test-owner/test-repo: 0
2024-09-21T20:57:39.790Z - License score for npm package test-package: 0
2024-09-21T20:57:39.804Z - File not found.
2024-09-21T20:57:39.804Z - No README found. Score: 1
2024-09-21T20:57:39.804Z - Ramp-up metric calculation completed for owner/repo. Score: 0, Latency: 67.44737500000019
2024-09-21T20:57:39.805Z - Calculating ramp-up metric for GitHub repository owner/repo
2024-09-21T20:57:39.805Z - Downloading file from URL: https://api.github.com/repos/owner/repo/contents/README.md
2024-09-21T20:57:39.805Z - Found 2 bug issues for test-owner/test-repo
2024-09-21T20:57:39.809Z - Failed to download file: Request failed with status code 500
2024-09-21T20:57:39.810Z - No README found. Score: 1
2024-09-21T20:57:39.810Z - Ramp-up metric calculation completed for owner/repo. Score: 0, Latency: 4.8462499999996
2024-09-21T20:57:39.810Z - test-owner/test-repo has 100 stars (popularity)
2024-09-21T20:57:39.810Z - Calculated correctness for test-owner/test-repo: 0.98
2024-09-21T20:57:39.811Z - Calculating ramp-up for npm package: test-package
2024-09-21T20:57:39.811Z - Fetching npm download stats for test-package
2024-09-21T20:57:39.813Z - Fetching GitHub issues for test-owner/test-repo
2024-09-21T20:57:39.815Z - Download count for test-package: 10000
2024-09-21T20:57:39.816Z - Fetching package metadata for test-package
2024-09-21T20:57:39.817Z - Found 2 bug issues for test-owner/test-repo
2024-09-21T20:57:39.819Z - Found GitHub repository URL for test-package: git+https://github.com/owner/repo.git
2024-09-21T20:57:39.819Z - Calculating ramp-up metric for GitHub repository owner/repo
2024-09-21T20:57:39.819Z - Calculating ramp-up metric for GitHub repository owner/repo
2024-09-21T20:57:39.819Z - Downloading file from URL: https://api.github.com/repos/owner/repo/contents/README.md
2024-09-21T20:57:39.819Z - test-owner/test-repo has 0 stars (popularity)
2024-09-21T20:57:39.819Z - Calculated correctness for test-owner/test-repo: 1
2024-09-21T20:57:39.820Z - Fetching GitHub issues for test-owner/test-repo
2024-09-21T20:57:39.823Z - Downloaded file successfully from https://api.github.com/repos/owner/repo/contents/README.md
2024-09-21T20:57:39.823Z - README file size: 60 KB
2024-09-21T20:57:39.823Z - Large README implies good documentation. Score: 10
2024-09-21T20:57:39.823Z - Ramp-up metric calculation completed for owner/repo. Score: 1, Latency: 4.547167000000172
2024-09-21T20:57:39.824Z - Ramp-up metric for npm package test-package completed. Score: 1, Latency: 12.521750000000338
2024-09-21T20:57:39.825Z - Calculating ramp-up for npm package: test-package
2024-09-21T20:57:39.826Z - Fetching npm download stats for test-package
2024-09-21T20:57:39.830Z - Download count for test-package: 10000
2024-09-21T20:57:39.830Z - Fetching package metadata for test-package
2024-09-21T20:57:39.836Z - No GitHub repository found for test-package. Assuming perfect ramp-up score of 1.
2024-09-21T20:57:39.837Z - Calculating ramp-up for npm package: test-package
2024-09-21T20:57:39.838Z - Fetching npm download stats for test-package
2024-09-21T20:57:39.842Z - Error calculating ramp-up for npm package test-package: AxiosError: Request failed with status code 500
2024-09-21T20:57:40.175Z - Error calculating GitHub correctness for test-owner/test-repo: Request failed with status code 404
2024-09-21T20:57:40.176Z - Fetching npm package info for test-package
2024-09-21T20:57:40.286Z - Fetching GitHub contributors for test-owner/test-repo
2024-09-21T20:57:40.326Z - Error calculating Bus Factor for test-owner/test-repo: Nock: No match for request {
  "method": "GET",
  "url": "https://api.github.com/repos/test-owner/test-repo/contributors?anon=true",
  "headers": {
    "accept": "application/json, text/plain, */*",
    "authorization": "token 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",
    "user-agent": "axios/1.7.7",
    "accept-encoding": "gzip, compress, deflate, br"
  }
}
2024-09-21T20:57:40.395Z - Fetching GitHub contributors for test-owner/test-repo
2024-09-21T20:57:40.396Z - Error calculating Bus Factor for test-owner/test-repo: Nock: No match for request {
  "method": "GET",
  "url": "https://api.github.com/repos/test-owner/test-repo/contributors?anon=true",
  "headers": {
    "accept": "application/json, text/plain, */*",
    "authorization": "token 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",
    "user-agent": "axios/1.7.7",
    "accept-encoding": "gzip, compress, deflate, br"
  }
}
2024-09-21T20:57:40.398Z - Fetching GitHub contributors for test-owner/test-repo
2024-09-21T20:57:40.398Z - Error calculating Bus Factor for test-owner/test-repo: Nock: No match for request {
  "method": "GET",
  "url": "https://api.github.com/repos/test-owner/test-repo/contributors?anon=true",
  "headers": {
    "accept": "application/json, text/plain, */*",
    "authorization": "token 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",
    "user-agent": "axios/1.7.7",
    "accept-encoding": "gzip, compress, deflate, br"
  }
}
2024-09-21T20:57:40.399Z - Fetching npm package info for test-package
2024-09-21T20:57:40.404Z - Fetching GitHub repository URL for test-package
2024-09-21T20:57:40.404Z - Found GitHub repository URL for test-package, calculating Bus Factor for GitHub repository
2024-09-21T20:57:40.404Z - Fetching GitHub contributors for test-owner/test-repo
2024-09-21T20:57:40.405Z - Error calculating Bus Factor for test-owner/test-repo: Nock: No match for request {
  "method": "GET",
  "url": "https://api.github.com/repos/test-owner/test-repo/contributors?anon=true",
  "headers": {
    "accept": "application/json, text/plain, */*",
    "authorization": "token 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",
    "user-agent": "axios/1.7.7",
    "accept-encoding": "gzip, compress, deflate, br"
  }
}
2024-09-21T20:57:40.405Z - Fetching npm package info for test-package
2024-09-21T20:57:40.408Z - Fetching GitHub repository URL for test-package
2024-09-21T20:57:40.408Z - Could not find GitHub repository URL for test-package, assuming Bus Factor to be 0
2024-09-21T20:57:40.409Z - Fetching npm package info for test-package
2024-09-21T20:57:40.412Z - Error: Request failed with status code 404
2024-09-21T20:57:40.691Z - Fetching GitHub repository URL for test-package
2024-09-21T20:57:40.694Z - Found GitHub repository URL for test-package, calculating correctness for GitHub repository
2024-09-21T20:57:40.695Z - Fetching GitHub issues for test-owner/test-repo
2024-09-21T20:57:40.698Z - Found 1 bug issues for test-owner/test-repo
2024-09-21T20:57:40.702Z - test-owner/test-repo has 1000 stars (popularity)
2024-09-21T20:57:40.702Z - Calculated correctness for test-owner/test-repo: 0.999
2024-09-21T20:57:40.703Z - Fetching npm package info for test-package
2024-09-21T20:57:40.733Z - Fetching GitHub repository URL for test-package
2024-09-21T20:57:40.737Z - Found GitHub repository URL for test-package, calculating correctness for GitHub repository
2024-09-21T20:57:40.737Z - Fetching GitHub issues for test-owner/test-repo
2024-09-21T20:57:40.740Z - Found 1 bug issues for test-owner/test-repo
2024-09-21T20:57:40.744Z - test-owner/test-repo has 0 stars (popularity)
2024-09-21T20:57:40.744Z - Calculated correctness for test-owner/test-repo: 1
2024-09-21T20:57:40.745Z - Fetching npm package info for test-package
2024-09-21T20:57:40.783Z - Fetching GitHub repository URL for test-package
2024-09-21T20:57:41.095Z - Could not find GitHub repository URL for test-package, assuming correctness to be 1
2024-09-21T21:05:43.004Z - Calculating ramp-up metric for GitHub repository owner/repo
2024-09-21T21:05:43.010Z - Downloading file from URL: https://api.github.com/repos/owner/repo/contents/README.md
2024-09-21T21:05:43.037Z - Downloaded file successfully from https://api.github.com/repos/owner/repo/contents/README.md
2024-09-21T21:05:43.038Z - README file size: 60 KB
2024-09-21T21:05:43.038Z - Large README implies good documentation. Score: 10
2024-09-21T21:05:43.039Z - Ramp-up metric calculation completed for owner/repo. Score: 1, Latency: 34.97545800000012
2024-09-21T21:05:43.047Z - Calculating ramp-up metric for GitHub repository owner/repo
2024-09-21T21:05:43.048Z - Downloading file from URL: https://api.github.com/repos/owner/repo/contents/README.md
2024-09-21T21:05:43.046Z - Fetching license information for test-owner/test-repo
2024-09-21T21:05:43.057Z - Downloaded file successfully from https://api.github.com/repos/owner/repo/contents/README.md
2024-09-21T21:05:43.058Z - README file size: 0.01953125 KB
2024-09-21T21:05:43.058Z - Small README. Score: 3
2024-09-21T21:05:43.058Z - Ramp-up metric calculation completed for owner/repo. Score: 0.3, Latency: 10.429458000000068
2024-09-21T21:05:43.058Z - Calculating ramp-up metric for GitHub repository owner/repo
2024-09-21T21:05:43.059Z - Downloading file from URL: https://api.github.com/repos/owner/repo/contents/README.md
2024-09-21T21:05:43.073Z - License found for test-owner/test-repo: MIT
2024-09-21T21:05:43.073Z - License compatibility score for test-owner/test-repo: 1
2024-09-21T21:05:43.078Z - Fetching license information for test-owner/test-repo
2024-09-21T21:05:43.089Z - License found for test-owner/test-repo: GPL-3.0
2024-09-21T21:05:43.089Z - License compatibility score for test-owner/test-repo: 0
2024-09-21T21:05:43.091Z - Fetching license information for test-owner/test-repo
2024-09-21T21:05:43.116Z - File not found.
2024-09-21T21:05:43.117Z - No README found. Score: 1
2024-09-21T21:05:43.119Z - Ramp-up metric calculation completed for owner/repo. Score: 0, Latency: 60.37895800000024
2024-09-21T21:05:43.124Z - Calculating ramp-up metric for GitHub repository owner/repo
2024-09-21T21:05:43.124Z - Downloading file from URL: https://api.github.com/repos/owner/repo/contents/README.md
2024-09-21T21:05:43.137Z - Failed to download file: Request failed with status code 500
2024-09-21T21:05:43.140Z - No README found. Score: 1
2024-09-21T21:05:43.140Z - Ramp-up metric calculation completed for owner/repo. Score: 0, Latency: 15.778499999999894
2024-09-21T21:05:43.141Z - Calculating ramp-up for npm package: test-package
2024-09-21T21:05:43.141Z - Fetching npm download stats for test-package
2024-09-21T21:05:43.147Z - Download count for test-package: 10000
2024-09-21T21:05:43.147Z - Fetching package metadata for test-package
2024-09-21T21:05:43.153Z - Found GitHub repository URL for test-package: git+https://github.com/owner/repo.git
2024-09-21T21:05:43.153Z - Calculating ramp-up metric for GitHub repository owner/repo
2024-09-21T21:05:43.153Z - Calculating ramp-up metric for GitHub repository owner/repo
2024-09-21T21:05:43.153Z - Downloading file from URL: https://api.github.com/repos/owner/repo/contents/README.md
2024-09-21T21:05:43.157Z - Downloaded file successfully from https://api.github.com/repos/owner/repo/contents/README.md
2024-09-21T21:05:43.157Z - README file size: 60 KB
2024-09-21T21:05:43.157Z - Large README implies good documentation. Score: 10
2024-09-21T21:05:43.158Z - Ramp-up metric calculation completed for owner/repo. Score: 1, Latency: 4.379125000000386
2024-09-21T21:05:43.158Z - Ramp-up metric for npm package test-package completed. Score: 1, Latency: 16.43849999999975
2024-09-21T21:05:43.158Z - Calculating ramp-up for npm package: test-package
2024-09-21T21:05:43.158Z - Fetching npm download stats for test-package
2024-09-21T21:05:43.161Z - Download count for test-package: 10000
2024-09-21T21:05:43.162Z - Fetching package metadata for test-package
2024-09-21T21:05:43.169Z - No GitHub repository found for test-package. Assuming perfect ramp-up score of 1.
2024-09-21T21:05:43.170Z - Error calculating license metric for test-owner/test-repo: Request failed with status code 404
2024-09-21T21:05:43.171Z - Calculating ramp-up for npm package: test-package
2024-09-21T21:05:43.171Z - Fetching npm download stats for test-package
2024-09-21T21:05:43.172Z - Fetching npm package metadata for test-package
2024-09-21T21:05:43.179Z - Error calculating ramp-up for npm package test-package: AxiosError: Request failed with status code 500
2024-09-21T21:05:43.188Z - Found GitHub repository URL for test-package
2024-09-21T21:05:43.188Z - Fetching license information for test-owner/test-repo
2024-09-21T21:05:43.192Z - License found for test-owner/test-repo: Apache-2.0
2024-09-21T21:05:43.193Z - License compatibility score for test-owner/test-repo: 1
2024-09-21T21:05:43.193Z - License score for npm package test-package: 1
2024-09-21T21:05:43.194Z - Fetching npm package metadata for test-package
2024-09-21T21:05:43.198Z - No GitHub repository found for test-package, assuming no license
2024-09-21T21:05:43.199Z - Fetching npm package metadata for test-package
2024-09-21T21:05:43.203Z - Found GitHub repository URL for test-package
2024-09-21T21:05:43.204Z - Fetching license information for test-owner/test-repo
2024-09-21T21:05:43.211Z - License found for test-owner/test-repo: GPL-3.0
2024-09-21T21:05:43.211Z - License compatibility score for test-owner/test-repo: 0
2024-09-21T21:05:43.212Z - License score for npm package test-package: 0
2024-09-21T21:05:43.264Z - Fetching GitHub issues for test-owner/test-repo
2024-09-21T21:05:43.279Z - Found 2 bug issues for test-owner/test-repo
2024-09-21T21:05:43.283Z - test-owner/test-repo has 100 stars (popularity)
2024-09-21T21:05:43.284Z - Calculated correctness for test-owner/test-repo: 0.98
2024-09-21T21:05:43.287Z - Fetching GitHub issues for test-owner/test-repo
2024-09-21T21:05:43.290Z - Found 2 bug issues for test-owner/test-repo
2024-09-21T21:05:43.294Z - test-owner/test-repo has 0 stars (popularity)
2024-09-21T21:05:43.294Z - Calculated correctness for test-owner/test-repo: 1
2024-09-21T21:05:43.294Z - Fetching GitHub issues for test-owner/test-repo
2024-09-21T21:05:43.622Z - Error calculating GitHub correctness for test-owner/test-repo: Request failed with status code 404
2024-09-21T21:05:43.623Z - Fetching npm package info for test-package
2024-09-21T21:05:43.744Z - Fetching GitHub repository URL for test-package
2024-09-21T21:05:43.747Z - Found GitHub repository URL for test-package, calculating correctness for GitHub repository
2024-09-21T21:05:43.747Z - Fetching GitHub issues for test-owner/test-repo
2024-09-21T21:05:43.751Z - Found 1 bug issues for test-owner/test-repo
2024-09-21T21:05:43.754Z - test-owner/test-repo has 1000 stars (popularity)
2024-09-21T21:05:43.754Z - Calculated correctness for test-owner/test-repo: 0.999
2024-09-21T21:05:43.755Z - Fetching npm package info for test-package
2024-09-21T21:05:43.786Z - Fetching GitHub repository URL for test-package
2024-09-21T21:05:43.789Z - Found GitHub repository URL for test-package, calculating correctness for GitHub repository
2024-09-21T21:05:43.789Z - Fetching GitHub issues for test-owner/test-repo
2024-09-21T21:05:43.793Z - Found 1 bug issues for test-owner/test-repo
2024-09-21T21:05:43.796Z - test-owner/test-repo has 0 stars (popularity)
2024-09-21T21:05:43.796Z - Calculated correctness for test-owner/test-repo: 1
2024-09-21T21:05:43.796Z - Fetching npm package info for test-package
2024-09-21T21:05:43.852Z - Fetching GitHub repository URL for test-package
2024-09-21T21:05:44.340Z - Could not find GitHub repository URL for test-package, assuming correctness to be 1
2024-09-21T21:06:37.514Z - Fetching GitHub issues for test-owner/test-repo
2024-09-21T21:06:37.553Z - Calculating ramp-up metric for GitHub repository owner/repo
2024-09-21T21:06:37.557Z - Downloading file from URL: https://api.github.com/repos/owner/repo/contents/README.md
2024-09-21T21:06:37.562Z - Fetching license information for test-owner/test-repo
2024-09-21T21:06:37.568Z - Found 2 bug issues for test-owner/test-repo
2024-09-21T21:06:37.575Z - Downloaded file successfully from https://api.github.com/repos/owner/repo/contents/README.md
2024-09-21T21:06:37.575Z - test-owner/test-repo has 100 stars (popularity)
2024-09-21T21:06:37.575Z - README file size: 60 KB
2024-09-21T21:06:37.575Z - Calculated correctness for test-owner/test-repo: 0.98
2024-09-21T21:06:37.575Z - Large README implies good documentation. Score: 10
2024-09-21T21:06:37.575Z - Ramp-up metric calculation completed for owner/repo. Score: 1, Latency: 22.189292000000023
2024-09-21T21:06:37.578Z - Calculating ramp-up metric for GitHub repository owner/repo
2024-09-21T21:06:37.578Z - Downloading file from URL: https://api.github.com/repos/owner/repo/contents/README.md
2024-09-21T21:06:37.579Z - Fetching GitHub issues for test-owner/test-repo
2024-09-21T21:06:37.582Z - Downloaded file successfully from https://api.github.com/repos/owner/repo/contents/README.md
2024-09-21T21:06:37.583Z - README file size: 0.01953125 KB
2024-09-21T21:06:37.583Z - Small README. Score: 3
2024-09-21T21:06:37.583Z - Ramp-up metric calculation completed for owner/repo. Score: 0.3, Latency: 5.45595800000001
2024-09-21T21:06:37.584Z - Calculating ramp-up metric for GitHub repository owner/repo
2024-09-21T21:06:37.584Z - Downloading file from URL: https://api.github.com/repos/owner/repo/contents/README.md
2024-09-21T21:06:37.586Z - Found 2 bug issues for test-owner/test-repo
2024-09-21T21:06:37.589Z - License found for test-owner/test-repo: MIT
2024-09-21T21:06:37.590Z - License compatibility score for test-owner/test-repo: 1
2024-09-21T21:06:37.591Z - test-owner/test-repo has 0 stars (popularity)
2024-09-21T21:06:37.592Z - Calculated correctness for test-owner/test-repo: 1
2024-09-21T21:06:37.593Z - Fetching GitHub issues for test-owner/test-repo
2024-09-21T21:06:37.593Z - Fetching license information for test-owner/test-repo
2024-09-21T21:06:37.600Z - License found for test-owner/test-repo: GPL-3.0
2024-09-21T21:06:37.601Z - License compatibility score for test-owner/test-repo: 0
2024-09-21T21:06:37.602Z - Fetching license information for test-owner/test-repo
2024-09-21T21:06:37.641Z - File not found.
2024-09-21T21:06:37.641Z - No README found. Score: 1
2024-09-21T21:06:37.642Z - Ramp-up metric calculation completed for owner/repo. Score: 0, Latency: 57.5200420000001
2024-09-21T21:06:37.643Z - Calculating ramp-up metric for GitHub repository owner/repo
2024-09-21T21:06:37.643Z - Downloading file from URL: https://api.github.com/repos/owner/repo/contents/README.md
2024-09-21T21:06:37.647Z - Failed to download file: Request failed with status code 500
2024-09-21T21:06:37.647Z - No README found. Score: 1
2024-09-21T21:06:37.647Z - Ramp-up metric calculation completed for owner/repo. Score: 0, Latency: 4.266875000000255
2024-09-21T21:06:37.648Z - Calculating ramp-up for npm package: test-package
2024-09-21T21:06:37.648Z - Fetching npm download stats for test-package
2024-09-21T21:06:37.652Z - Download count for test-package: 10000
2024-09-21T21:06:37.652Z - Fetching package metadata for test-package
2024-09-21T21:06:37.655Z - Found GitHub repository URL for test-package: git+https://github.com/owner/repo.git
2024-09-21T21:06:37.655Z - Calculating ramp-up metric for GitHub repository owner/repo
2024-09-21T21:06:37.655Z - Calculating ramp-up metric for GitHub repository owner/repo
2024-09-21T21:06:37.655Z - Downloading file from URL: https://api.github.com/repos/owner/repo/contents/README.md
2024-09-21T21:06:37.655Z - Error calculating license metric for test-owner/test-repo: Request failed with status code 404
2024-09-21T21:06:37.656Z - Fetching npm package metadata for test-package
2024-09-21T21:06:37.659Z - Found GitHub repository URL for test-package
2024-09-21T21:06:37.659Z - Downloaded file successfully from https://api.github.com/repos/owner/repo/contents/README.md
2024-09-21T21:06:37.659Z - Fetching license information for test-owner/test-repo
2024-09-21T21:06:37.659Z - README file size: 60 KB
2024-09-21T21:06:37.659Z - Large README implies good documentation. Score: 10
2024-09-21T21:06:37.659Z - Ramp-up metric calculation completed for owner/repo. Score: 1, Latency: 3.9633340000000317
2024-09-21T21:06:37.659Z - Ramp-up metric for npm package test-package completed. Score: 1, Latency: 11.318166999999903
2024-09-21T21:06:37.660Z - Calculating ramp-up for npm package: test-package
2024-09-21T21:06:37.660Z - Fetching npm download stats for test-package
2024-09-21T21:06:37.662Z - License found for test-owner/test-repo: Apache-2.0
2024-09-21T21:06:37.662Z - License compatibility score for test-owner/test-repo: 1
2024-09-21T21:06:37.662Z - License score for npm package test-package: 1
2024-09-21T21:06:37.663Z - Fetching npm package metadata for test-package
2024-09-21T21:06:37.667Z - No GitHub repository found for test-package, assuming no license
2024-09-21T21:06:37.667Z - Download count for test-package: 10000
2024-09-21T21:06:37.667Z - Fetching package metadata for test-package
2024-09-21T21:06:37.668Z - Fetching npm package metadata for test-package
2024-09-21T21:06:37.676Z - No GitHub repository found for test-package. Assuming perfect ramp-up score of 1.
2024-09-21T21:06:37.691Z - Found GitHub repository URL for test-package
2024-09-21T21:06:37.702Z - Calculating ramp-up for npm package: test-package
2024-09-21T21:06:37.703Z - Fetching npm download stats for test-package
2024-09-21T21:06:37.695Z - Fetching license information for test-owner/test-repo
2024-09-21T21:06:37.727Z - License found for test-owner/test-repo: GPL-3.0
2024-09-21T21:06:37.727Z - License compatibility score for test-owner/test-repo: 0
2024-09-21T21:06:37.727Z - Error calculating ramp-up for npm package test-package: AxiosError: Request failed with status code 500
2024-09-21T21:06:37.727Z - License score for npm package test-package: 0
2024-09-21T21:06:37.868Z - Error calculating GitHub correctness for test-owner/test-repo: Request failed with status code 404
2024-09-21T21:06:37.869Z - Fetching npm package info for test-package
2024-09-21T21:06:38.097Z - Fetching npm package info for valid-package
2024-09-21T21:06:38.099Z - Fetching GitHub repository URL for valid-package
2024-09-21T21:06:38.099Z - Found GitHub repository URL for valid-package, calculating Bus Factor for GitHub repository
2024-09-21T21:06:38.099Z - Fetching GitHub contributors for owner/repo
2024-09-21T21:06:38.099Z - Found 8 contributors for owner/repo
2024-09-21T21:06:38.099Z - Calculated Bus Factor for owner/repo: 0.125
2024-09-21T21:06:38.103Z - Fetching npm package info for package-with-no-github
2024-09-21T21:06:38.103Z - Fetching GitHub repository URL for package-with-no-github
2024-09-21T21:06:38.103Z - Could not find GitHub repository URL for package-with-no-github, assuming Bus Factor to be 0
2024-09-21T21:06:38.103Z - Fetching npm package info for invalid-package
2024-09-21T21:06:38.104Z - Error: NPM fetch failed
2024-09-21T21:06:38.109Z - Fetching GitHub repository URL for test-package
2024-09-21T21:06:38.112Z - Found GitHub repository URL for test-package, calculating correctness for GitHub repository
2024-09-21T21:06:38.112Z - Fetching GitHub issues for test-owner/test-repo
2024-09-21T21:06:38.116Z - Found 1 bug issues for test-owner/test-repo
2024-09-21T21:06:38.119Z - test-owner/test-repo has 1000 stars (popularity)
2024-09-21T21:06:38.119Z - Calculated correctness for test-owner/test-repo: 0.999
2024-09-21T21:06:38.120Z - Fetching npm package info for test-package
2024-09-21T21:06:38.163Z - Fetching GitHub repository URL for test-package
2024-09-21T21:06:38.165Z - Found GitHub repository URL for test-package, calculating correctness for GitHub repository
2024-09-21T21:06:38.165Z - Fetching GitHub issues for test-owner/test-repo
2024-09-21T21:06:38.168Z - Found 1 bug issues for test-owner/test-repo
2024-09-21T21:06:38.171Z - test-owner/test-repo has 0 stars (popularity)
2024-09-21T21:06:38.171Z - Calculated correctness for test-owner/test-repo: 1
2024-09-21T21:06:38.172Z - Fetching npm package info for test-package
2024-09-21T21:06:38.210Z - Fetching GitHub repository URL for test-package
2024-09-21T21:06:38.321Z - Could not find GitHub repository URL for test-package, assuming correctness to be 1
2024-09-21T21:07:04.043Z - Calculating ramp-up metric for GitHub repository owner/repo
2024-09-21T21:07:04.046Z - Downloading file from URL: https://api.github.com/repos/owner/repo/contents/README.md
2024-09-21T21:07:04.046Z - Fetching GitHub issues for test-owner/test-repo
2024-09-21T21:07:04.056Z - Downloaded file successfully from https://api.github.com/repos/owner/repo/contents/README.md
2024-09-21T21:07:04.056Z - README file size: 60 KB
2024-09-21T21:07:04.056Z - Large README implies good documentation. Score: 10
2024-09-21T21:07:04.056Z - Ramp-up metric calculation completed for owner/repo. Score: 1, Latency: 13.11483300000009
2024-09-21T21:07:04.058Z - Calculating ramp-up metric for GitHub repository owner/repo
2024-09-21T21:07:04.058Z - Downloading file from URL: https://api.github.com/repos/owner/repo/contents/README.md
2024-09-21T21:07:04.062Z - Downloaded file successfully from https://api.github.com/repos/owner/repo/contents/README.md
2024-09-21T21:07:04.062Z - README file size: 0.01953125 KB
2024-09-21T21:07:04.063Z - Small README. Score: 3
2024-09-21T21:07:04.063Z - Ramp-up metric calculation completed for owner/repo. Score: 0.3, Latency: 5.11383399999977
2024-09-21T21:07:04.064Z - Calculating ramp-up metric for GitHub repository owner/repo
2024-09-21T21:07:04.064Z - Downloading file from URL: https://api.github.com/repos/owner/repo/contents/README.md
2024-09-21T21:07:04.072Z - Found 2 bug issues for test-owner/test-repo
2024-09-21T21:07:04.076Z - Fetching license information for test-owner/test-repo
2024-09-21T21:07:04.078Z - test-owner/test-repo has 100 stars (popularity)
2024-09-21T21:07:04.078Z - Calculated correctness for test-owner/test-repo: 0.98
2024-09-21T21:07:04.080Z - Fetching GitHub issues for test-owner/test-repo
2024-09-21T21:07:04.084Z - Found 2 bug issues for test-owner/test-repo
2024-09-21T21:07:04.087Z - test-owner/test-repo has 0 stars (popularity)
2024-09-21T21:07:04.087Z - Calculated correctness for test-owner/test-repo: 1
2024-09-21T21:07:04.088Z - Fetching GitHub issues for test-owner/test-repo
2024-09-21T21:07:04.090Z - License found for test-owner/test-repo: MIT
2024-09-21T21:07:04.091Z - License compatibility score for test-owner/test-repo: 1
2024-09-21T21:07:04.094Z - Fetching license information for test-owner/test-repo
2024-09-21T21:07:04.099Z - License found for test-owner/test-repo: GPL-3.0
2024-09-21T21:07:04.099Z - License compatibility score for test-owner/test-repo: 0
2024-09-21T21:07:04.101Z - Fetching license information for test-owner/test-repo
2024-09-21T21:07:04.130Z - File not found.
2024-09-21T21:07:04.130Z - No README found. Score: 1
2024-09-21T21:07:04.131Z - Ramp-up metric calculation completed for owner/repo. Score: 0, Latency: 66.69845799999985
2024-09-21T21:07:04.133Z - Calculating ramp-up metric for GitHub repository owner/repo
2024-09-21T21:07:04.133Z - Downloading file from URL: https://api.github.com/repos/owner/repo/contents/README.md
2024-09-21T21:07:04.137Z - Failed to download file: Request failed with status code 500
2024-09-21T21:07:04.137Z - No README found. Score: 1
2024-09-21T21:07:04.137Z - Ramp-up metric calculation completed for owner/repo. Score: 0, Latency: 4.359875000000102
2024-09-21T21:07:04.140Z - Calculating ramp-up for npm package: test-package
2024-09-21T21:07:04.140Z - Fetching npm download stats for test-package
2024-09-21T21:07:04.144Z - Download count for test-package: 10000
2024-09-21T21:07:04.144Z - Fetching package metadata for test-package
2024-09-21T21:07:04.151Z - Found GitHub repository URL for test-package: git+https://github.com/owner/repo.git
2024-09-21T21:07:04.151Z - Calculating ramp-up metric for GitHub repository owner/repo
2024-09-21T21:07:04.151Z - Calculating ramp-up metric for GitHub repository owner/repo
2024-09-21T21:07:04.151Z - Downloading file from URL: https://api.github.com/repos/owner/repo/contents/README.md
2024-09-21T21:07:04.156Z - Downloaded file successfully from https://api.github.com/repos/owner/repo/contents/README.md
2024-09-21T21:07:04.156Z - README file size: 60 KB
2024-09-21T21:07:04.156Z - Large README implies good documentation. Score: 10
2024-09-21T21:07:04.156Z - Ramp-up metric calculation completed for owner/repo. Score: 1, Latency: 4.988542000000052
2024-09-21T21:07:04.156Z - Ramp-up metric for npm package test-package completed. Score: 1, Latency: 16.666957999999795
2024-09-21T21:07:04.157Z - Calculating ramp-up for npm package: test-package
2024-09-21T21:07:04.157Z - Fetching npm download stats for test-package
2024-09-21T21:07:04.160Z - Download count for test-package: 10000
2024-09-21T21:07:04.160Z - Fetching package metadata for test-package
2024-09-21T21:07:04.163Z - Error calculating license metric for test-owner/test-repo: Request failed with status code 404
2024-09-21T21:07:04.164Z - No GitHub repository found for test-package. Assuming perfect ramp-up score of 1.
2024-09-21T21:07:04.164Z - Fetching npm package metadata for test-package
2024-09-21T21:07:04.165Z - Calculating ramp-up for npm package: test-package
2024-09-21T21:07:04.165Z - Fetching npm download stats for test-package
2024-09-21T21:07:04.169Z - Found GitHub repository URL for test-package
2024-09-21T21:07:04.169Z - Fetching license information for test-owner/test-repo
2024-09-21T21:07:04.172Z - Error calculating ramp-up for npm package test-package: AxiosError: Request failed with status code 500
2024-09-21T21:07:04.174Z - License found for test-owner/test-repo: Apache-2.0
2024-09-21T21:07:04.175Z - License compatibility score for test-owner/test-repo: 1
2024-09-21T21:07:04.175Z - License score for npm package test-package: 1
2024-09-21T21:07:04.175Z - Fetching npm package metadata for test-package
2024-09-21T21:07:04.179Z - No GitHub repository found for test-package, assuming no license
2024-09-21T21:07:04.180Z - Fetching npm package metadata for test-package
2024-09-21T21:07:04.184Z - Found GitHub repository URL for test-package
2024-09-21T21:07:04.185Z - Fetching license information for test-owner/test-repo
2024-09-21T21:07:04.189Z - License found for test-owner/test-repo: GPL-3.0
2024-09-21T21:07:04.190Z - License compatibility score for test-owner/test-repo: 0
2024-09-21T21:07:04.190Z - License score for npm package test-package: 0
2024-09-21T21:07:04.481Z - Fetching npm package info for valid-package
2024-09-21T21:07:04.482Z - Fetching GitHub repository URL for valid-package
2024-09-21T21:07:04.482Z - Found GitHub repository URL for valid-package, calculating Bus Factor for GitHub repository
2024-09-21T21:07:04.483Z - Fetching GitHub contributors for owner/repo
2024-09-21T21:07:04.483Z - Found 8 contributors for owner/repo
2024-09-21T21:07:04.483Z - Calculated Bus Factor for owner/repo: 0.125
2024-09-21T21:07:04.484Z - Fetching npm package info for package-with-no-github
2024-09-21T21:07:04.484Z - Fetching GitHub repository URL for package-with-no-github
2024-09-21T21:07:04.484Z - Could not find GitHub repository URL for package-with-no-github, assuming Bus Factor to be 0
2024-09-21T21:07:04.484Z - Fetching npm package info for invalid-package
2024-09-21T21:07:04.484Z - Error: NPM fetch failed
2024-09-21T21:07:04.525Z - Error calculating GitHub correctness for test-owner/test-repo: Request failed with status code 404
2024-09-21T21:07:04.526Z - Fetching npm package info for test-package
2024-09-21T21:07:04.660Z - Fetching GitHub repository URL for test-package
2024-09-21T21:07:04.665Z - Found GitHub repository URL for test-package, calculating correctness for GitHub repository
2024-09-21T21:07:04.666Z - Fetching GitHub issues for test-owner/test-repo
2024-09-21T21:07:04.670Z - Found 1 bug issues for test-owner/test-repo
2024-09-21T21:07:04.674Z - test-owner/test-repo has 1000 stars (popularity)
2024-09-21T21:07:04.674Z - Calculated correctness for test-owner/test-repo: 0.999
2024-09-21T21:07:04.675Z - Fetching npm package info for test-package
2024-09-21T21:07:04.705Z - Fetching GitHub repository URL for test-package
2024-09-21T21:07:04.707Z - Found GitHub repository URL for test-package, calculating correctness for GitHub repository
2024-09-21T21:07:04.707Z - Fetching GitHub issues for test-owner/test-repo
2024-09-21T21:07:04.711Z - Found 1 bug issues for test-owner/test-repo
2024-09-21T21:07:04.714Z - test-owner/test-repo has 0 stars (popularity)
2024-09-21T21:07:04.714Z - Calculated correctness for test-owner/test-repo: 1
2024-09-21T21:07:04.714Z - Fetching npm package info for test-package
2024-09-21T21:07:04.748Z - Fetching GitHub repository URL for test-package
2024-09-21T21:07:04.924Z - Could not find GitHub repository URL for test-package, assuming correctness to be 1
2024-09-21T21:09:19.704Z - Fetching license information for test-owner/test-repo
2024-09-21T21:09:19.727Z - License found for test-owner/test-repo: MIT
2024-09-21T21:09:19.727Z - License compatibility score for test-owner/test-repo: 1
2024-09-21T21:09:19.729Z - Fetching license information for test-owner/test-repo
2024-09-21T21:09:19.734Z - License found for test-owner/test-repo: GPL-3.0
2024-09-21T21:09:19.734Z - License compatibility score for test-owner/test-repo: 0
2024-09-21T21:09:19.735Z - Fetching license information for test-owner/test-repo
2024-09-21T21:09:19.738Z - Fetching GitHub issues for test-owner/test-repo
2024-09-21T21:09:19.766Z - Found 2 bug issues for test-owner/test-repo
2024-09-21T21:09:19.772Z - test-owner/test-repo has 100 stars (popularity)
2024-09-21T21:09:19.775Z - Calculated correctness for test-owner/test-repo: 0.98
2024-09-21T21:09:19.777Z - Fetching GitHub issues for test-owner/test-repo
2024-09-21T21:09:19.783Z - Found 2 bug issues for test-owner/test-repo
2024-09-21T21:09:19.791Z - test-owner/test-repo has 0 stars (popularity)
2024-09-21T21:09:19.791Z - Calculated correctness for test-owner/test-repo: 1
2024-09-21T21:09:19.792Z - Fetching GitHub issues for test-owner/test-repo
2024-09-21T21:09:19.795Z - Error calculating license metric for test-owner/test-repo: Request failed with status code 404
2024-09-21T21:09:19.796Z - Fetching npm package metadata for test-package
2024-09-21T21:09:19.801Z - Found GitHub repository URL for test-package
2024-09-21T21:09:19.802Z - Fetching license information for test-owner/test-repo
2024-09-21T21:09:19.805Z - License found for test-owner/test-repo: Apache-2.0
2024-09-21T21:09:19.807Z - License compatibility score for test-owner/test-repo: 1
2024-09-21T21:09:19.807Z - License score for npm package test-package: 1
2024-09-21T21:09:19.808Z - Fetching npm package metadata for test-package
2024-09-21T21:09:19.813Z - No GitHub repository found for test-package, assuming no license
2024-09-21T21:09:19.815Z - Fetching npm package metadata for test-package
2024-09-21T21:09:19.822Z - Found GitHub repository URL for test-package
2024-09-21T21:09:19.823Z - Fetching license information for test-owner/test-repo
2024-09-21T21:09:19.827Z - License found for test-owner/test-repo: GPL-3.0
2024-09-21T21:09:19.828Z - License compatibility score for test-owner/test-repo: 0
2024-09-21T21:09:19.828Z - License score for npm package test-package: 0
2024-09-21T21:09:19.978Z - Calculating ramp-up metric for GitHub repository owner/repo
2024-09-21T21:09:19.980Z - Downloading file from URL: https://api.github.com/repos/owner/repo/contents/README.md
2024-09-21T21:09:19.993Z - Downloaded file successfully from https://api.github.com/repos/owner/repo/contents/README.md
2024-09-21T21:09:19.994Z - README file size: 60 KB
2024-09-21T21:09:19.994Z - Large README implies good documentation. Score: 10
2024-09-21T21:09:19.994Z - Ramp-up metric calculation completed for owner/repo. Score: 1, Latency: 15.891042000000198
2024-09-21T21:09:19.995Z - Calculating ramp-up metric for GitHub repository owner/repo
2024-09-21T21:09:19.995Z - Downloading file from URL: https://api.github.com/repos/owner/repo/contents/README.md
2024-09-21T21:09:19.999Z - Downloaded file successfully from https://api.github.com/repos/owner/repo/contents/README.md
2024-09-21T21:09:20.000Z - README file size: 0.01953125 KB
2024-09-21T21:09:20.000Z - Small README. Score: 3
2024-09-21T21:09:20.000Z - Ramp-up metric calculation completed for owner/repo. Score: 0.3, Latency: 4.445499999999811
2024-09-21T21:09:20.000Z - Calculating ramp-up metric for GitHub repository owner/repo
2024-09-21T21:09:20.001Z - Downloading file from URL: https://api.github.com/repos/owner/repo/contents/README.md
2024-09-21T21:09:20.044Z - File not found.
2024-09-21T21:09:20.045Z - No README found. Score: 1
2024-09-21T21:09:20.045Z - Ramp-up metric calculation completed for owner/repo. Score: 0, Latency: 44.273291999999856
2024-09-21T21:09:20.046Z - Calculating ramp-up metric for GitHub repository owner/repo
2024-09-21T21:09:20.046Z - Downloading file from URL: https://api.github.com/repos/owner/repo/contents/README.md
2024-09-21T21:09:20.050Z - Failed to download file: Request failed with status code 500
2024-09-21T21:09:20.050Z - No README found. Score: 1
2024-09-21T21:09:20.050Z - Ramp-up metric calculation completed for owner/repo. Score: 0, Latency: 4.476000000000113
2024-09-21T21:09:20.051Z - Calculating ramp-up for npm package: test-package
2024-09-21T21:09:20.052Z - Fetching npm download stats for test-package
2024-09-21T21:09:20.054Z - Error calculating GitHub correctness for test-owner/test-repo: Request failed with status code 404
2024-09-21T21:09:20.055Z - Fetching npm package info for test-package
2024-09-21T21:09:20.056Z - Download count for test-package: 10000
2024-09-21T21:09:20.056Z - Fetching package metadata for test-package
2024-09-21T21:09:20.060Z - Found GitHub repository URL for test-package: git+https://github.com/owner/repo.git
2024-09-21T21:09:20.060Z - Calculating ramp-up metric for GitHub repository owner/repo
2024-09-21T21:09:20.060Z - Calculating ramp-up metric for GitHub repository owner/repo
2024-09-21T21:09:20.060Z - Downloading file from URL: https://api.github.com/repos/owner/repo/contents/README.md
2024-09-21T21:09:20.064Z - Downloaded file successfully from https://api.github.com/repos/owner/repo/contents/README.md
2024-09-21T21:09:20.064Z - README file size: 60 KB
2024-09-21T21:09:20.064Z - Large README implies good documentation. Score: 10
2024-09-21T21:09:20.064Z - Ramp-up metric calculation completed for owner/repo. Score: 1, Latency: 3.8567500000003747
2024-09-21T21:09:20.064Z - Ramp-up metric for npm package test-package completed. Score: 1, Latency: 12.566249999999854
2024-09-21T21:09:20.065Z - Calculating ramp-up for npm package: test-package
2024-09-21T21:09:20.065Z - Fetching npm download stats for test-package
2024-09-21T21:09:20.068Z - Download count for test-package: 10000
2024-09-21T21:09:20.068Z - Fetching package metadata for test-package
2024-09-21T21:09:20.071Z - No GitHub repository found for test-package. Assuming perfect ramp-up score of 1.
2024-09-21T21:09:20.072Z - Calculating ramp-up for npm package: test-package
2024-09-21T21:09:20.072Z - Fetching npm download stats for test-package
2024-09-21T21:09:20.079Z - Error calculating ramp-up for npm package test-package: AxiosError: Request failed with status code 500
2024-09-21T21:09:20.140Z - Fetching GitHub repository URL for test-package
2024-09-21T21:09:20.144Z - Found GitHub repository URL for test-package, calculating correctness for GitHub repository
2024-09-21T21:09:20.144Z - Fetching GitHub issues for test-owner/test-repo
2024-09-21T21:09:20.148Z - Found 1 bug issues for test-owner/test-repo
2024-09-21T21:09:20.152Z - test-owner/test-repo has 1000 stars (popularity)
2024-09-21T21:09:20.153Z - Calculated correctness for test-owner/test-repo: 0.999
2024-09-21T21:09:20.154Z - Fetching npm package info for test-package
2024-09-21T21:09:20.182Z - Fetching GitHub repository URL for test-package
2024-09-21T21:09:20.185Z - Found GitHub repository URL for test-package, calculating correctness for GitHub repository
2024-09-21T21:09:20.185Z - Fetching GitHub issues for test-owner/test-repo
2024-09-21T21:09:20.189Z - Found 1 bug issues for test-owner/test-repo
2024-09-21T21:09:20.192Z - test-owner/test-repo has 0 stars (popularity)
2024-09-21T21:09:20.192Z - Calculated correctness for test-owner/test-repo: 1
2024-09-21T21:09:20.192Z - Fetching npm package info for test-package
2024-09-21T21:09:20.224Z - Fetching GitHub repository URL for test-package
2024-09-21T21:09:20.340Z - Could not find GitHub repository URL for test-package, assuming correctness to be 1
2024-09-21T21:09:41.825Z - Fetching GitHub issues for test-owner/test-repo
2024-09-21T21:09:41.853Z - Found 2 bug issues for test-owner/test-repo
2024-09-21T21:09:41.862Z - test-owner/test-repo has 100 stars (popularity)
2024-09-21T21:09:41.862Z - Calculated correctness for test-owner/test-repo: 0.98
2024-09-21T21:09:41.866Z - Fetching GitHub issues for test-owner/test-repo
2024-09-21T21:09:41.870Z - Found 2 bug issues for test-owner/test-repo
2024-09-21T21:09:41.875Z - test-owner/test-repo has 0 stars (popularity)
2024-09-21T21:09:41.875Z - Calculated correctness for test-owner/test-repo: 1
2024-09-21T21:09:41.876Z - Fetching GitHub issues for test-owner/test-repo
2024-09-21T21:09:42.049Z - Calculating ramp-up metric for GitHub repository owner/repo
2024-09-21T21:09:42.050Z - Downloading file from URL: https://api.github.com/repos/owner/repo/contents/README.md
2024-09-21T21:09:42.056Z - Fetching license information for test-owner/test-repo
2024-09-21T21:09:42.063Z - Downloaded file successfully from https://api.github.com/repos/owner/repo/contents/README.md
2024-09-21T21:09:42.063Z - README file size: 60 KB
2024-09-21T21:09:42.063Z - Large README implies good documentation. Score: 10
2024-09-21T21:09:42.063Z - Ramp-up metric calculation completed for owner/repo. Score: 1, Latency: 14.201375000000098
2024-09-21T21:09:42.067Z - Calculating ramp-up metric for GitHub repository owner/repo
2024-09-21T21:09:42.067Z - Downloading file from URL: https://api.github.com/repos/owner/repo/contents/README.md
2024-09-21T21:09:42.074Z - Downloaded file successfully from https://api.github.com/repos/owner/repo/contents/README.md
2024-09-21T21:09:42.074Z - README file size: 0.01953125 KB
2024-09-21T21:09:42.074Z - Small README. Score: 3
2024-09-21T21:09:42.074Z - Ramp-up metric calculation completed for owner/repo. Score: 0.3, Latency: 7.037792000000081
2024-09-21T21:09:42.075Z - Calculating ramp-up metric for GitHub repository owner/repo
2024-09-21T21:09:42.076Z - Downloading file from URL: https://api.github.com/repos/owner/repo/contents/README.md
2024-09-21T21:09:42.079Z - License found for test-owner/test-repo: MIT
2024-09-21T21:09:42.080Z - License compatibility score for test-owner/test-repo: 1
2024-09-21T21:09:42.081Z - Fetching license information for test-owner/test-repo
2024-09-21T21:09:42.087Z - License found for test-owner/test-repo: GPL-3.0
2024-09-21T21:09:42.088Z - License compatibility score for test-owner/test-repo: 0
2024-09-21T21:09:42.089Z - Fetching license information for test-owner/test-repo
2024-09-21T21:09:42.149Z - Error calculating license metric for test-owner/test-repo: Request failed with status code 404
2024-09-21T21:09:42.150Z - File not found.
2024-09-21T21:09:42.150Z - Fetching npm package metadata for test-package
2024-09-21T21:09:42.151Z - No README found. Score: 1
2024-09-21T21:09:42.151Z - Ramp-up metric calculation completed for owner/repo. Score: 0, Latency: 75.79358400000001
2024-09-21T21:09:42.152Z - Error calculating GitHub correctness for test-owner/test-repo: Request failed with status code 404
2024-09-21T21:09:42.153Z - Calculating ramp-up metric for GitHub repository owner/repo
2024-09-21T21:09:42.153Z - Downloading file from URL: https://api.github.com/repos/owner/repo/contents/README.md
2024-09-21T21:09:42.153Z - Fetching npm package info for test-package
2024-09-21T21:09:42.154Z - Found GitHub repository URL for test-package
2024-09-21T21:09:42.154Z - Fetching license information for test-owner/test-repo
2024-09-21T21:09:42.158Z - Failed to download file: Request failed with status code 500
2024-09-21T21:09:42.158Z - No README found. Score: 1
2024-09-21T21:09:42.158Z - License found for test-owner/test-repo: Apache-2.0
2024-09-21T21:09:42.158Z - Ramp-up metric calculation completed for owner/repo. Score: 0, Latency: 5.365666000000147
2024-09-21T21:09:42.159Z - License compatibility score for test-owner/test-repo: 1
2024-09-21T21:09:42.159Z - License score for npm package test-package: 1
2024-09-21T21:09:42.159Z - Fetching npm package metadata for test-package
2024-09-21T21:09:42.160Z - Calculating ramp-up for npm package: test-package
2024-09-21T21:09:42.160Z - Fetching npm download stats for test-package
2024-09-21T21:09:42.162Z - No GitHub repository found for test-package, assuming no license
2024-09-21T21:09:42.163Z - Fetching npm package metadata for test-package
2024-09-21T21:09:42.164Z - Download count for test-package: 10000
2024-09-21T21:09:42.164Z - Fetching package metadata for test-package
2024-09-21T21:09:42.166Z - Found GitHub repository URL for test-package
2024-09-21T21:09:42.166Z - Fetching license information for test-owner/test-repo
2024-09-21T21:09:42.168Z - Found GitHub repository URL for test-package: git+https://github.com/owner/repo.git
2024-09-21T21:09:42.168Z - Calculating ramp-up metric for GitHub repository owner/repo
2024-09-21T21:09:42.168Z - Calculating ramp-up metric for GitHub repository owner/repo
2024-09-21T21:09:42.168Z - Downloading file from URL: https://api.github.com/repos/owner/repo/contents/README.md
2024-09-21T21:09:42.169Z - License found for test-owner/test-repo: GPL-3.0
2024-09-21T21:09:42.169Z - License compatibility score for test-owner/test-repo: 0
2024-09-21T21:09:42.169Z - License score for npm package test-package: 0
2024-09-21T21:09:42.172Z - Downloaded file successfully from https://api.github.com/repos/owner/repo/contents/README.md
2024-09-21T21:09:42.173Z - README file size: 60 KB
2024-09-21T21:09:42.173Z - Large README implies good documentation. Score: 10
2024-09-21T21:09:42.173Z - Ramp-up metric calculation completed for owner/repo. Score: 1, Latency: 4.962165999999797
2024-09-21T21:09:42.173Z - Ramp-up metric for npm package test-package completed. Score: 1, Latency: 13.349749999999858
2024-09-21T21:09:42.174Z - Calculating ramp-up for npm package: test-package
2024-09-21T21:09:42.174Z - Fetching npm download stats for test-package
2024-09-21T21:09:42.178Z - Download count for test-package: 10000
2024-09-21T21:09:42.178Z - Fetching package metadata for test-package
2024-09-21T21:09:42.185Z - No GitHub repository found for test-package. Assuming perfect ramp-up score of 1.
2024-09-21T21:09:42.187Z - Calculating ramp-up for npm package: test-package
2024-09-21T21:09:42.187Z - Fetching npm download stats for test-package
2024-09-21T21:09:42.193Z - Error calculating ramp-up for npm package test-package: AxiosError: Request failed with status code 500
2024-09-21T21:09:42.246Z - Fetching GitHub repository URL for test-package
2024-09-21T21:09:42.250Z - Found GitHub repository URL for test-package, calculating correctness for GitHub repository
2024-09-21T21:09:42.251Z - Fetching GitHub issues for test-owner/test-repo
2024-09-21T21:09:42.254Z - Found 1 bug issues for test-owner/test-repo
2024-09-21T21:09:42.258Z - test-owner/test-repo has 1000 stars (popularity)
2024-09-21T21:09:42.258Z - Calculated correctness for test-owner/test-repo: 0.999
2024-09-21T21:09:42.259Z - Fetching npm package info for test-package
2024-09-21T21:09:42.300Z - Fetching GitHub repository URL for test-package
2024-09-21T21:09:42.303Z - Found GitHub repository URL for test-package, calculating correctness for GitHub repository
2024-09-21T21:09:42.303Z - Fetching GitHub issues for test-owner/test-repo
2024-09-21T21:09:42.308Z - Found 1 bug issues for test-owner/test-repo
2024-09-21T21:09:42.313Z - test-owner/test-repo has 0 stars (popularity)
2024-09-21T21:09:42.313Z - Calculated correctness for test-owner/test-repo: 1
2024-09-21T21:09:42.314Z - Fetching npm package info for test-package
2024-09-21T21:09:42.349Z - Fetching GitHub repository URL for test-package
2024-09-21T21:09:42.435Z - Could not find GitHub repository URL for test-package, assuming correctness to be 1
2024-09-21T21:09:42.529Z - Fetching GitHub contributors for owner/repo
2024-09-21T21:09:42.530Z - Found 8 contributors for owner/repo
2024-09-21T21:09:42.530Z - Calculated Bus Factor for owner/repo: 0.125
2024-09-21T21:09:42.531Z - Fetching GitHub contributors for owner/repo
2024-09-21T21:09:42.531Z - Found 0 contributors for owner/repo
2024-09-21T21:09:42.531Z - Calculated Bus Factor for owner/repo: 0
2024-09-21T21:09:42.532Z - Fetching GitHub contributors for owner/repo
2024-09-21T21:09:42.532Z - Error calculating Bus Factor for owner/repo: GitHub API error
2024-09-21T21:09:42.532Z - Fetching npm package info for valid-package
2024-09-21T21:09:42.533Z - Fetching GitHub repository URL for valid-package
2024-09-21T21:09:42.533Z - Found GitHub repository URL for valid-package, calculating Bus Factor for GitHub repository
2024-09-21T21:09:42.533Z - Fetching GitHub contributors for owner/repo
2024-09-21T21:09:42.533Z - Found 5 contributors for owner/repo
2024-09-21T21:09:42.533Z - Calculated Bus Factor for owner/repo: 0.2
2024-09-21T21:09:42.533Z - Fetching npm package info for package-with-no-github
2024-09-21T21:09:42.533Z - Fetching GitHub repository URL for package-with-no-github
2024-09-21T21:09:42.533Z - Could not find GitHub repository URL for package-with-no-github, assuming Bus Factor to be 0
2024-09-21T21:09:42.533Z - Fetching npm package info for invalid-package
2024-09-21T21:09:42.533Z - Error: NPM fetch failed
